res：products/qYAZf2aVV6/devices/NoiseSys
et：1918097402
key：5zuZEW+BN3EPL8eXGb+dj6H7/9F1nfNV0Qm5JbuTn9M=
methodmd5
Token：version=2018-10-31&res=products%2FqYAZf2aVV6%2Fdevices%2FNoiseSys&et=1918097402&method=md5&sign=3%2FGB121wUakWGwrEMDzrEw%3D%3D


res：products/qYAZf2aVV6/devices/NoiseSys
et：2018097402
key：5zuZEW+BN3EPL8eXGb+dj6H7/9F1nfNV0Qm5JbuTn9M=
methodmd5
Token：version=2018-10-31&res=products%2FqYAZf2aVV6%2Fdevices%2FNoiseSys&et=2018097402&method=md5&sign=RNQlRqa0sJEETw1394CmzA%3D%3D


res：products/qYAZf2aVV6/devices/NoiseSys2
et：2018097402
key：5zuZEW+BN3EPL8eXGb+dj6H7/9F1nfNV0Qm5JbuTn9M=
methodmd5
Token：version=2018-10-31&res=products%2FqYAZf2aVV6%2Fdevices%2FNoiseSys2&et=2018097402&method=md5&sign=E%2B7DhwPgVNOMGTQuVkHzyg%3D%3D


res：products/qYAZf2aVV6/devices/NoiseSys3
et：2018097402
key：5zuZEW+BN3EPL8eXGb+dj6H7/9F1nfNV0Qm5JbuTn9M=
methodmd5
Token：version=2018-10-31&res=products%2FqYAZf2aVV6%2Fdevices%2FNoiseSys3&et=2018097402&method=md5&sign=CF3kM9Yq5juEJ5wiRY6SJA%3D%3D


res：products/qYAZf2aVV6/devices/NoiseSys3
et：2018097402
key：Ulp2RDdobjlhZHJKMzdWVnhxWGhsbk13YWJJUDYxRmU=
methodmd5
Token：version=2018-10-31&res=products%2FqYAZf2aVV6%2Fdevices%2FNoiseSys3&et=2018097402&method=md5&sign=vaQdzyT3haf7OFXdMs%2Fb5g%3D%3D


res：products/qYAZf2aVV6/devices/NoiseSys4
et：2018097402
key：elMxUDFYVzZwR0RvbHk1UXlrSlhMcUNFVDIzYnNzMWs=
methodmd5
Token：version=2018-10-31&res=products%2FqYAZf2aVV6%2Fdevices%2FNoiseSys4&et=2018097402&method=md5&sign=kT741g1OnI7TpVH2UQjiLw%3D%3D


res：products/qYAZf2aVV6/devices/NoiseSys5
et：2018097402
key：SHdUdDhSY0QzZVVDWHo4NHJQaHZqY2xrRjhRQTZRQ3Y=
methodmd5
Token：version=2018-10-31&res=products%2FqYAZf2aVV6%2Fdevices%2FNoiseSys5&et=2018097402&method=md5&sign=k%2FJC0iDE7gcAxkWudC6npw%3D%3D


res：products/qYAZf2aVV6/devices/NoiseSys6
et：2018097402
key：aThMaDU3T1ZBeGpkY3NqdmludzR2WTh4REloWTFxdXI=
methodmd5
Token：version=2018-10-31&res=products%2FqYAZf2aVV6%2Fdevices%2FNoiseSys6&et=2018097402&method=md5&sign=3mDqozYG3cQHUYACkEivtw%3D%3D


